[2022-01-18 06:12:28Z INFO HostContext] No proxy settings were found based on environmental variables (http_proxy/https_proxy/HTTP_PROXY/HTTPS_PROXY)
[2022-01-18 06:12:28Z INFO HostContext] Well known directory 'Bin': 'C:\Users\NEW\Desktop\calculator-101\actions-runner\bin'
[2022-01-18 06:12:28Z INFO HostContext] Well known directory 'Root': 'C:\Users\NEW\Desktop\calculator-101\actions-runner'
[2022-01-18 06:12:28Z INFO HostContext] Well known config file 'Credentials': 'C:\Users\NEW\Desktop\calculator-101\actions-runner\.credentials'
[2022-01-18 06:12:28Z INFO HostContext] Well known directory 'Bin': 'C:\Users\NEW\Desktop\calculator-101\actions-runner\bin'
[2022-01-18 06:12:28Z INFO HostContext] Well known directory 'Root': 'C:\Users\NEW\Desktop\calculator-101\actions-runner'
[2022-01-18 06:12:28Z INFO HostContext] Well known config file 'Runner': 'C:\Users\NEW\Desktop\calculator-101\actions-runner\.runner'
[2022-01-18 06:12:28Z INFO Listener] Runner is built for Windows (X64) - win-x64.
[2022-01-18 06:12:28Z INFO Listener] RuntimeInformation: Microsoft Windows 10.0.19043.
[2022-01-18 06:12:28Z INFO Listener] Version: 2.286.0
[2022-01-18 06:12:28Z INFO Listener] Commit: f1ddeb0d06bdbe3182a4f01c44ef622ec0c13437
[2022-01-18 06:12:28Z INFO Listener] Culture: en-IN
[2022-01-18 06:12:28Z INFO Listener] UI Culture: en-US
[2022-01-18 06:12:28Z INFO HostContext] Well known directory 'Bin': 'C:\Users\NEW\Desktop\calculator-101\actions-runner\bin'
[2022-01-18 06:12:28Z INFO HostContext] Well known directory 'Root': 'C:\Users\NEW\Desktop\calculator-101\actions-runner'
[2022-01-18 06:12:28Z INFO Listener] Validating directory permissions for: 'C:\Users\NEW\Desktop\calculator-101\actions-runner'
[2022-01-18 06:12:28Z INFO CommandLineParser] Parse
[2022-01-18 06:12:28Z INFO CommandLineParser] Parsing 5 args
[2022-01-18 06:12:28Z INFO CommandLineParser] parsing argument
[2022-01-18 06:12:28Z INFO CommandLineParser] HasArgs: False
[2022-01-18 06:12:28Z INFO CommandLineParser] Adding Command: configure
[2022-01-18 06:12:28Z INFO CommandLineParser] parsing argument
[2022-01-18 06:12:28Z INFO CommandLineParser] HasArgs: True
[2022-01-18 06:12:28Z INFO CommandLineParser] arg: url
[2022-01-18 06:12:28Z INFO CommandLineParser] parsing argument
[2022-01-18 06:12:28Z INFO CommandLineParser] HasArgs: True
[2022-01-18 06:12:28Z INFO CommandLineParser] Adding option 'url': 'https://github.com/kvora125/calculator-101'
[2022-01-18 06:12:28Z INFO CommandLineParser] parsing argument
[2022-01-18 06:12:28Z INFO CommandLineParser] HasArgs: True
[2022-01-18 06:12:28Z INFO CommandLineParser] arg: token
[2022-01-18 06:12:28Z INFO CommandLineParser] parsing argument
[2022-01-18 06:12:28Z INFO CommandLineParser] HasArgs: True
[2022-01-18 06:12:28Z INFO CommandLineParser] Adding option 'token': '***'
[2022-01-18 06:12:28Z INFO Listener] Arguments parsed
[2022-01-18 06:12:28Z INFO Runner] ExecuteCommand
[2022-01-18 06:12:28Z INFO ConfigurationStore] currentAssemblyLocation: C:\Users\NEW\Desktop\calculator-101\actions-runner\bin\Runner.Listener.dll
[2022-01-18 06:12:28Z INFO HostContext] Well known directory 'Bin': 'C:\Users\NEW\Desktop\calculator-101\actions-runner\bin'
[2022-01-18 06:12:28Z INFO ConfigurationStore] binPath: C:\Users\NEW\Desktop\calculator-101\actions-runner\bin
[2022-01-18 06:12:28Z INFO HostContext] Well known directory 'Bin': 'C:\Users\NEW\Desktop\calculator-101\actions-runner\bin'
[2022-01-18 06:12:28Z INFO HostContext] Well known directory 'Root': 'C:\Users\NEW\Desktop\calculator-101\actions-runner'
[2022-01-18 06:12:28Z INFO ConfigurationStore] RootFolder: C:\Users\NEW\Desktop\calculator-101\actions-runner
[2022-01-18 06:12:28Z INFO HostContext] Well known directory 'Bin': 'C:\Users\NEW\Desktop\calculator-101\actions-runner\bin'
[2022-01-18 06:12:28Z INFO HostContext] Well known directory 'Root': 'C:\Users\NEW\Desktop\calculator-101\actions-runner'
[2022-01-18 06:12:28Z INFO HostContext] Well known config file 'Runner': 'C:\Users\NEW\Desktop\calculator-101\actions-runner\.runner'
[2022-01-18 06:12:28Z INFO ConfigurationStore] ConfigFilePath: C:\Users\NEW\Desktop\calculator-101\actions-runner\.runner
[2022-01-18 06:12:28Z INFO HostContext] Well known directory 'Bin': 'C:\Users\NEW\Desktop\calculator-101\actions-runner\bin'
[2022-01-18 06:12:28Z INFO HostContext] Well known directory 'Root': 'C:\Users\NEW\Desktop\calculator-101\actions-runner'
[2022-01-18 06:12:28Z INFO HostContext] Well known config file 'Credentials': 'C:\Users\NEW\Desktop\calculator-101\actions-runner\.credentials'
[2022-01-18 06:12:28Z INFO ConfigurationStore] CredFilePath: C:\Users\NEW\Desktop\calculator-101\actions-runner\.credentials
[2022-01-18 06:12:28Z INFO HostContext] Well known directory 'Bin': 'C:\Users\NEW\Desktop\calculator-101\actions-runner\bin'
[2022-01-18 06:12:28Z INFO HostContext] Well known directory 'Root': 'C:\Users\NEW\Desktop\calculator-101\actions-runner'
[2022-01-18 06:12:28Z INFO HostContext] Well known config file 'MigratedCredentials': 'C:\Users\NEW\Desktop\calculator-101\actions-runner\.credentials_migrated'
[2022-01-18 06:12:28Z INFO ConfigurationStore] MigratedCredFilePath: C:\Users\NEW\Desktop\calculator-101\actions-runner\.credentials_migrated
[2022-01-18 06:12:28Z INFO HostContext] Well known directory 'Bin': 'C:\Users\NEW\Desktop\calculator-101\actions-runner\bin'
[2022-01-18 06:12:28Z INFO HostContext] Well known directory 'Root': 'C:\Users\NEW\Desktop\calculator-101\actions-runner'
[2022-01-18 06:12:28Z INFO HostContext] Well known config file 'Service': 'C:\Users\NEW\Desktop\calculator-101\actions-runner\.service'
[2022-01-18 06:12:28Z INFO ConfigurationStore] ServiceConfigFilePath: C:\Users\NEW\Desktop\calculator-101\actions-runner\.service
[2022-01-18 06:12:28Z INFO CommandSettings] Flag 'help': 'False'
[2022-01-18 06:12:28Z INFO CommandSettings] Flag 'version': 'False'
[2022-01-18 06:12:28Z INFO CommandSettings] Flag 'commit': 'False'
[2022-01-18 06:12:28Z INFO CommandSettings] Flag 'check': 'False'
[2022-01-18 06:12:28Z INFO CommandSettings] Command 'configure': 'True'
[2022-01-18 06:12:28Z INFO Terminal] WRITE LINE: 
[2022-01-18 06:12:28Z INFO Terminal] WRITE LINE: --------------------------------------------------------------------------------
[2022-01-18 06:12:28Z INFO Terminal] WRITE LINE: |        ____ _ _   _   _       _          _        _   _                      |
[2022-01-18 06:12:28Z INFO Terminal] WRITE LINE: |       / ___(_) |_| | | |_   _| |__      / \   ___| |_(_) ___  _ __  ___      |
[2022-01-18 06:12:28Z INFO Terminal] WRITE LINE: |      | |  _| | __| |_| | | | | '_ \    / _ \ / __| __| |/ _ \| '_ \/ __|     |
[2022-01-18 06:12:28Z INFO Terminal] WRITE LINE: |      | |_| | | |_|  _  | |_| | |_) |  / ___ \ (__| |_| | (_) | | | \__ \     |
[2022-01-18 06:12:28Z INFO Terminal] WRITE LINE: |       \____|_|\__|_| |_|\__,_|_.__/  /_/   \_\___|\__|_|\___/|_| |_|___/     |
[2022-01-18 06:12:28Z INFO Terminal] WRITE LINE: |                                                                              |
[2022-01-18 06:12:28Z INFO Terminal] WRITE: |                       
[2022-01-18 06:12:28Z INFO Terminal] WRITE: Self-hosted runner registration
[2022-01-18 06:12:28Z INFO Terminal] WRITE LINE:                         |
[2022-01-18 06:12:28Z INFO Terminal] WRITE LINE: |                                                                              |
[2022-01-18 06:12:28Z INFO Terminal] WRITE LINE: --------------------------------------------------------------------------------
[2022-01-18 06:12:28Z INFO ConfigurationManager] ConfigureAsync
[2022-01-18 06:12:28Z INFO ConfigurationStore] IsConfigured()
[2022-01-18 06:12:28Z INFO ConfigurationStore] IsConfigured: False
[2022-01-18 06:12:28Z INFO ConfigurationManager] Is configured: False
[2022-01-18 06:12:28Z INFO CommandSettings] Arg 'url': 'https://github.com/kvora125/calculator-101'
[2022-01-18 06:12:28Z INFO CommandSettings] Remove url from Arg dictionary.
[2022-01-18 06:12:28Z INFO CommandSettings] Arg 'token': '***'
[2022-01-18 06:12:28Z INFO CommandSettings] Remove token from Arg dictionary.
[2022-01-18 06:12:29Z ERR  Terminal] WRITE ERROR: Http response code: NotFound from 'POST https://api.github.com/actions/runner-registration'
[2022-01-18 06:12:29Z ERR  Terminal] WRITE ERROR: {"message":"Not Found","documentation_url":"https://docs.github.com/rest"}
[2022-01-18 06:12:29Z ERR  Runner] System.Net.Http.HttpRequestException: Response status code does not indicate success: 404 (Not Found).
   at System.Net.Http.HttpResponseMessage.EnsureSuccessStatusCode()
   at GitHub.Runner.Listener.Configuration.ConfigurationManager.GetTenantCredential(String githubUrl, String githubToken, String runnerEvent)
   at GitHub.Runner.Listener.Configuration.ConfigurationManager.ConfigureAsync(CommandSettings command)
   at GitHub.Runner.Listener.Runner.ExecuteCommand(CommandSettings command)
[2022-01-18 06:12:29Z ERR  Terminal] WRITE ERROR: Response status code does not indicate success: 404 (Not Found).
[2022-01-18 06:12:29Z INFO Listener] Runner execution has finished with return code 1
